0000000000000100000000001000000000000000000000100001100000000000000000000000000001000000000000000000000000000000000000000000000000000001000000000000000000000
0000000000000100000000001000000000000000010100100001100000000000000000000000000001000000000000000000000000000000000000000000000000000001000000000000000000000
0000000000000100000000001000000000000000010100100001100000000000000000000000000001000000000000000000000000000000000000000000000000000001000000000000000000010
0000000000000100000000000000000000000000010100100001100000000000000000000000000001000000000000000000000000000000000000000000000000000001000000000000000000000
0000000000000000000010001000000011001100110110001110000000000001000000000000000100000000000000000000000000000000000000011100000000000000000000000000000000000
0000000000000000000010001000000011001100110110001110000000000001000000000000000100000000000000000000000000000000000000010100001000000000000000000000000000000
0000000000000000000010001000000011001100110110001110000000000001000000000000000100000000000000000000000000000000000000011101001000000000000000000000000000000
0000000000000000000010001000000011001100110110001110000000000001000000000000000100000000000000000000000000000000000000011011001000000000000000000000000000000
0000000000000000000010001000000011001100110110001110000000000001000000000000000100000000000000000000000000000000000000011100000000000000000000000000000000001
0000000000000000000010001000000000000100000000000000000000000000000000000000000000000000000000000000000000000000000000000100000000000000000000000000000000000
0000000000000000000010001000000011001100110110001110000000000001000100000000000100000000000000000000000000000000000000000110011010000000000000000000000000000
0000000000000100000000000000000000000000010100100001100000000000000000000000000001000000000000000000000000000000000000000000000000000001000000000000000000010
0000000000000100000000001000000000000000000000100001100000000000000000000000000001000000000000000000000000000000000000000000000000000001000000000000000000010
0000000000000100000000001000000000000000010100000001100000000000000000000000000001000000000000000000000000000000000000000000000000000001000000000000000000000
0000000000000100000000000000000000000000010100100001100000000000000000000000000001000000000000000000000000000000000000000000000000000001000000000000000000100
0000000000000100000000001000000000000000000000100001100000000000000000000000000001000000000000000000000000000000000000000000000000000001000000000000000000100
0000000000000100000000001000000000000000010100000001100000000000000000000000000001000000000000000000000000000000000000000000000000000001000000000000000000010
0000000000000100000000000000000000000000000000100001100000000000000000000000000001000000000000000000000000000000000000000000000000000001000000000000000000000
0000000000000100000000001000000000000000010100100001100000000000000000000000000001000000000000000000000000000000000000000000000000000001000000000000000000100
0000000000000100000000001000000000000000000000000001100000000000000000000000000001000000000000000000000000000000000000000000000000000001000000000000000000000
0000000000000100000000001000000000000000010100100001100000000000000000000000000001000000000000000000000000000000000000000000000000000001000000000000000000110
0000000000000000000010001000000000010101000000000000000010000000001100000000000000000000000000000000000000000000010000010101000000000000000000000000000000000
0000000000000000000010011000000000010111000000000000000010000000001100000000000000000000000000000000000000000000010000010100000000000000000000000000000000000
0000000000000000000010001000000000000101000000000000000000000000001100000000000000000000000000000000000000000000000000010100000000000000000000000000000000000
0000000000000000000010011000000010010111000001000000000010000000001100000000000000000000000000000000000000000000010000010100000000000000000000000000000000000
0000000000000000000010001000000000000101000000000000000000000000001100000000000000000000000000000000000000000000000000010100000000000000000000000000000000001
0000000000000000000010001000000011001100110110001110000000000001000000000000000100000000000000000000000000000000000000011100000000000000000000000000000000010
0000000000000000000010001000000011001100110110001110000000000001000000000000000100000000000000000000000000000000000000010100001000000000000000000000000000001
0000000000000000000010001000000011001100110110001110000000000001000000000000000100000000000000000000000000000000000000010010001000000000000000000000000000000
0000000000000000000010001000000011001100110110001110000000000001000000000000000100000000000000000000000000000000000000010000000000000000000000000000000000000
0000000000000000000010001000000011001100110110001110000000000001000000000000000100000000000000000000000000000000000000010100001000000000000000000000000000010
0000000000000000000010001000000011001100110110001110000000000001000000000000000100000000000000000000000000000000000000010110000000000000000000000000000000000
0000000000000000000010001000000011001100110110001110000000000001000000000000000100000000000000000000000000000000000000010000000000000000000000000000000000001
0000000000000000000010001000000011001100110110001110000000000001000000000000000100000000000000000000000000000000000000010010001000000000000000000000000000001
0000000000000000000010001000000011001100110110001110000000000001000000000000000100000000000000000000000000000000000000010100001000000000000000000000000000011
0000000000000000000010001000000011001100110110001110000000000001000000000000000100000000000000000000000000000000000000010000000000000000000000000000000000010
0000000000000000000010000000000011001100110110001110000000000001000000000000000100000000000000001100000000000000000000000000000000000000000000000000000000000
0000000000000000000010001000000011001100110110001110000000000001000000000000000100000000000000000000000000000000000000010110000000000000000000000000000000001
0000000000000000000000001000000011001100110110001110000000000001000000000000000100001101000000000000000000000000000000000000000000000000000000000000000000000
0000000000000000000010001000000011001100110110001110000000000001000000000000000100000000000000000000000000000000000000011100000000000000000000000000000000011
0000000000000000000010001000000011001100110110001110000000000001000000000000000100000000000000000000000000000000000000010000000000000000000000000000000000011
0000000000000000000010000000000011001100110110001110000000000001000000000000000100000000000000001100000000000000000000000000000000000000000000000000000000001
0000000000000000000010001000000011001100110110001110000000000001000000000000000100000000000000000000000000000000000000011011001000000000000000000000000000001
0000000000000000000010000000000011001100110110001110000000000001000000000000000100000000000000001111000000000000000000000000000000000000000000000000000000000
0000000000000000000000001000000011001100110110001110000000000001000000000000000100001100100000000000000000000000000000000000000000000000000000000000000000000
0000000000000101000010000000000011001100110110001111100000000001000000000000000100000000000000001101010000000000000000000000000000000000000000000000000000000
0000000000000101000010001000000011001100110110001111100000000001000000000000000100000000000000000000000000000000000000010110000000000000000000000000000000000
0000000000000101000000001000000011001100110110001111100000000001000000000000000100001101000000000000000000000000000000000000000000000000000000000000000000000
0000000000100101100010001000000011001100110110001111100000000001000000000000000100000000000000000000000000000000000000010000000000000000000000000000000000000
0000000000000000000010001000000011001100110110001110000000000001000000000000000100000000000000000000000000000000000000010000000000000000000000000000000000100
0000000000000000000000001000000011001100110110001110000000000001000000000000000100001101000000000000000000000000000000000000000000000000000000000000000001000
0000000000000101000000001000000011001100110110001111100000000001000000000000000100001100100000000000000000000000000000000000000000000000000000000000000000000
0000000000100101100010001000000011001100110110001111100000000001000000000000000100000000000000000000000000000000000000010000000000000000000000000000000000010
0000000000100001000010001000000011001100110110001111100000000001000000000000000100000000000000000000000000000000000000010000000000000000000000000000000000000
0000000000100100000010001000000011001100110110001111100000000001000000000000000100000000000000000000000000000000000000010110000000000000000000000000000000000
0000000000100101100010000000000011001100110110001111100000000001000000000000000100000000000000001100000000000000000000000000000000000000000000000000000000000
0000000000100100000010001000000011001100110110001111100000000001000000000000000100000000000000000000000000000000000000010110000000000000000000000000000000001
0000000000100001000000001000000011001100110110001111100000000001000000000000000100001100100000000000000000000000000000000000000000000000000000000000000000000
0000000000000101000000001000000011001100110110001111100000000001000000000000000100001001000000000000000000000000000000000000000000000000000000000000000000000
0000000000100001000010001000000011001100110110001111100000000001000000000000000100000000000000000000000000000000000000011100000000000000000000000000000000000
0000000000100001000000001000000011001100110110001111100000000001000000000000000100001101000000000000000000000000000000000000000000000000000000000000000000000
0000000000000101000000001000000011001100110110001111100000000001000000000000000100001101000000000000000000000000000000000000000000000000000000000000000001000
0000000000100001000010001000000011001100110110001111100000000001000000000000000100000000000000000000000000000000000000010100000000000000000000000000000000000
0000000000100100000010001000000011001100110110001111100000000001000000000000000100000000000000000000000000000000000000010110000000000000000000000000000000010
0000000000100001000000001000000011001100110110001111100000000001000000000000000100001101000000000000000000000000000000000000000000000000000000000000000000010
0000000000100001000010001000000011001100110110001111100000000001000000000000000100000000000000000000000000000000000000010010001000000000000000000000000000000
0000000000000101000010001000000011001100110110001111100000000001000000000000000100000000000000000000000000000000000000010010001000000000000000000000000000000
0000000000000000000010001000000011001100110110001110000000000001000000000000000100000000000000000000000000000000000000010000000000000000000000000000000001000
0000000000000000000010001000000011001100110110001110000000000001000000000000000100000000000000000000000000000000000000010010001000000000000000000000000000010
0000000000000000000010001000000011001100110110001110000000000001000000000000000100000000000000000000000000000000000000010010001000000000000000000000000000100
0000000000000000000010001000000011001100110110001110000000000001000000000000000100000000000000000000000000000000000000010100001000000000000000000000000000100
0000000000000000000010001000000011001100110110001110000000000001000000000000000100000000000000000000000000000000000000011011001000000000000000000000000000010
0000000000100001000010000000000011001100110110001111100000000001000000000000000100000000000000001100000000000000000000000000000000000000000000000000000000000
0000000000100101100010001000000011001100110110001111100000000001000000000000000100000000000000000000000000000000000000010010001000000000000000000000000000000
0000000000100101100010001000000011001100110110001111100000000001000000000000000100000000000000000000000000000000000000011111000000000000000000000000000000000
0000000000100001000010001000000011001100110110001111100000000001000000000000000100000000000000000000000000000000000000010000000000000000000000000000000000010
0000000000000101000010001000000011001100110110001111100000000001000000000000000100000000000000000000000000000000000000010000000000000000000000000000000000000
0000000000100001000010001000000011001100110110001111100000000001000000000000000100000000000000000000000000000000000000010010001000000000000000000000000000010
0000000000000000000010001000000011001100110110001110000000000001000000000000000100000000000000000000000000000000000000010110000000000000000000000000000001000
0000000000100001000010000000000011001100110110001111100000000001000000000000000100000000000000001111000000000000000000000000000000000000000000000000000000000
0000000000100101100010001000000011001100110110001111100000000001000000000000000100000000000000000000000000000000000000010100000000000000000000000000000000000
0000000000000101000010001000000011001100110110001111100000000001000000000000000100000000000000000000000000000000000000010100001000000000000000000000000000000
0000000000000101000010001000000011001100110110001111100000000001000000000000000100000000000000000000000000000000000000010100001000000000000000000000000001000
0000000000100101100000001000000011001100110110001111100000000001000000000000000100001100100000000000000000000000000000000000000000000000000000000000000000000
0000000000100001000010001000000011001100110110001111100000000001000000000000000100000000000000000000000000000000000000011011001000000000000000000000000000000
0000000000100001000000001000000011001100110110001111100000000001000000000000000100001101000000000000000000000000000000000000000000000000000000000000000001000
0000000000000100100000001000000011001100110110001111100000000001000000000000000100001100100000000000000000000000000000000000000000000000000000000000000000000
0000000000000000000010001000000011001100110110001110000000000001000000000000000100000000000000000000000000000000000000010100000000000000000000000000000000000
0000000000100100000000000000000011001100110110001111100000000001000000000000000100000000000000000000000000000000000000000000000000000000000000000000000000000
0000000000000000000010000000000011001100110110001110000000000001000000000000000100000000000000001101010000000000000000000000000000000000000000000000000000000
0000000000100101100010001000000011001100110110001111100000000001000000000000000100000000000000000000000000000000000000010010001000000000000000000000000000010
0000000000000101000010000000000011001100110110001111100000000001000000000000000100000000000000001100000000000000000000000000000000000000000000000000000000000
0000000000100101100000001000000011001100110110001111100000000001000000000000000100001001000000000000000000000000000000000000000000000000000000000000000000000
0000000000000000000010001000000011001100110110001110000000000001000000000000000100000000000000000000000000000000000000010010001000000000000000000000000000110
0000000000100101100010001000000011001100110110001111100000000001000000000000000100000000000000000000000000000000000000011100000000000000000000000000000000000
0000000000000101000010001000000011001100110110001111100000000001000000000000000100000000000000000000000000000000000000011100000000000000000000000000000000000
0000000000000000000000001000000011001100110110001110000000000001000000000000000100001001000000000000000000000000000000000000000000000000000000000000000000000
0000000000000100100010001000000011001100110110001111100000000001000000000000000100000000000000000000000000000000000000010110000000000000000000000000000000000
0000000000000000000010001000000011001100110110001110000000000001000000000000000100000000000000000000000000000000000000010110000000000000000000000000000000010
0000000000000000000000001000000011001100110110001110000000000001000000000000000100001001000000000000000000000000000000000000000000000000000000000000000000010
0000000000100100000010001000000011001100110110001111100000000001000000000000000100000000000000000000000000000000000000010010001000000000000000000000000000000
0000000000000000000010000000000011001100110110001110000000000001000000000000000100000000000000001111000000000000000000000000000000000000000000000000000000010
0000000000000000000000000000000011001100110110001110000000000001000000000000000100000000000000000000000000000000000000000000000000000000000000000000000000000
0000000000100001000010000000000011001100110110001111100000000001000000000000000100000000000000001100000000000000000000000000000000000000000000000000000000010
0000000000000000000010001000000011001100110110001110000000000001000000000000000100000000000000000000000000000000000000011111000000000000000000000000000000000
0000000000100100000000001000000011001100110110001111100000000001000000000000000100001101000000000000000000000000000000000000000000000000000000000000000000000
0000000000000000000000001000000011001100110110001110000000000001000000000000000100001101000000000000000000000000000000000000000000000000000000000000000000100
0000000000000100100010001000000011001100110110001111100000000001000000000000000100000000000000000000000000000000000000010000000000000000000000000000000000000
0000000000000000000000001000000011001100110110001110000000000001000000000000000100001101000000000000000000000000000000000000000000000000000000000000000000010
0000000000100001000000000000000011001100110110001111100000000001000000000000000100000000000000000000000000000000000000000000000000000000000000000000000000000
0000000000100100000000001000000011001100110110001111100000000001000000000000000100001001000000000000000000000000000000000000000000000000000000000000000000000
0000000000100100000010001000000011001100110110001111100000000001000000000000000100000000000000000000000000000000000000010100001000000000000000000000000000000
0000000000000101000010001000000011001100110110001111100000000001000000000000000100000000000000000000000000000000000000010110000000000000000000000000000001000
0000000000000100100010001000000011001100110110001111100000000001000000000000000100000000000000000000000000000000000000010100001000000000000000000000000000000
0000000000100100000010001000000011001100110110001111100000000001000000000000000100000000000000000000000000000000000000010010001000000000000000000000000000001
0000000000100101100010000000000011001100110110001111100000000001000000000000000100000000000000001111000000000000000000000000000000000000000000000000000000000
0000000000100100000010000000000011001100110110001111100000000001000000000000000100000000000000001101010000000000000000000000000000000000000000000000000000000
0000000000000000000010001000000011001100110110001110000000000001000000000000000100000000000000000000000000000000000000011011001000000000000000000000000000100
0000000000100100000010001000000011001100110110001111100000000001000000000000000100000000000000000000000000000000000000011100000000000000000000000000000000000
0000000001000001000000000000000000001110000100000001100000000000000000000000000000000000000000000000000000000000000000000000000000000001000000000000000000000
0000000001000001100000000000000100000000010100000001100000000000000000000000000001000000000000000000000000000000000000000000000000000000000000000000000000000
0000000000000000000000000000000011001100110110001110000000000001000010101011010100000000000000000000000000000000000000000000000000000000000000000000000000000
0000000000000000000010000000000011001100110110001110000000000001000100000000000100000000000000000010110000000000000000000000000000000000000000000000000000000
0000000000000000000011001000000000000000000000000000000000000000000000000000000000000000000000000000000000000000000000010100001000000000000000000000000000000
0000000000000000000010001001000000000000000000000000000000000000000000000000000000000000000000000000000000000000000000010100001000000000000000000000000000000
0000000000000100000000000000000000000000010100001001100000000000000000000000000001000000000000000000000000000000000000000000000000000001000000000000000000000
0000000000000100000000001000000000000000000000100001100000000000000000000000000001000000000000000000000000000000000000000000000000000001000000000000000000110
0000000000000100000000001000000000000000000000000001100000000000000000000000000001000000000000000000000000000000000000000000000000000001000000000000000000010
0000000000000100000000001000000000000000010100000001100000000000000000000000000001000000000000000000000000000000000000000000000000000001000000000000000000100
0000000000000100000000000000000000000000000000100001100000000000000000000000000001000000000000000000000000000000000000000000000000000001000000000000000000010
0000000000000100000000000000000000000000010100010001100000000000000000000000000001000000000000000000000000000000000000000000000000000001000000000000000000000
0000000000000100000000000000000000000000000000100001100000000000000000000000000001000000000000000000000000000000000000000000000000000001000000000000000000100
0000000000000100000000001000000000000000000000000001100000000000000000000000000001000000000000000000000000000000000000000000000000000001000000000000000000100
0000000000000100000000001000000000000000010100000001100000000000000000000000000001000000000000000000000000000000000000000000000000000001000000000000000000110
0000000000000000000000000000000101000001110100000000000000000000000000000000000001000000000000000000000000000000000000000000000000000000000000000000000000000
0000000000000000000010011000000010011111000001000000000010000000011100000000000000000000000000000000000000000000010000010100000000000000000000000000000000000
0000000000000000000010011000001010011111000001000000000010000000011100000000000000000000000100000000000000000000010000010100000000000000000000000000000000000
0000000000000000000010001000000000010101000000000000000010000000001100000000000000000000000000000000000000000000010000010101000000000000000000000000000000001
0000000000000000000010001000000000000000000000000000000000000000000000000000000000000000000000000000000000000000000000010100001000000000000000000000000000000
0000000000000000000010001000000011001100110110001110000000000001000000000000000100000000000000000000000000000000000000011101001000000000000000000000000000001
0000000000000000000010001000000011001100110110001110000000000001000000000000000100000000000000000000000000000000000000010100001000000000000000000000000000101
0000000000000000000010000000000011001100110110001110000000000001000000000000000100000000000000001100000000000000000000000000000000000000000000000000000000010
0000000000000000000010000000000011001100110110001110000000000001000000000000000100000000000000001101010000000000000000000000000000000000000000000000000000001
0000000000000000000010001000000011001100110110001110000000000001000000000000000100000000000000000000000000000000000000010010001000000000000000000000000000011
0000000000000000000010001000000011001100110110001110000000000001000000000000000100000000000000000000000000000000000000011111000000000000000000000000000000001
0000000000000000000000001000000011001100110110001110000000000001000000000000000100001001000000000000000000000000000000000000000000000000000000000000000000001
0000000000000000000000001000000011001100110110001110000000000001000000000000000100001101000000000000000000000000000000000000000000000000000000000000000000001
0000000000000000000010001000000011001100110110001110000000000001000000000000000100000000000000000000000000000000000000010100000000000000000000000000000000001
0000000000000000000010001000000011001100110110001110000000000001000000000000000100000000000000000000000000000000000000010110000000000000000000000000000000011
0000000000000100100000000000000011001100110110001111100000000001000000000000000100000000000000000000000000000000000000000000000000000000000000000000000000000
0000000000000000000000001000000011001100110110001110000000000001000000000000000100001100100000000000000000000000000000000000000000000000000000000000000000010
0000000000000100100010000000000011001100110110001111100000000001000000000000000100000000000000001111000000000000000000000000000000000000000000000000000000000
0000000000100101100010000000000011001100110110001111100000000001000000000000000100000000000000001100000000000000000000000000000000000000000000000000000000010
0000000000000101000000001000000011001100110110001111100000000001000000000000000100001101000000000000000000000000000000000000000000000000000000000000001000000
0000000000000000000010001000000011001100110110001110000000000001000000000000000100000000000000000000000000000000000000010000000000000000000000000000000000110
0000000000100001000010001000000011001100110110001111100000000001000000000000000100000000000000000000000000000000000000010010001000000000000000000000000000100
0000000000100101100010001000000011001100110110001111100000000001000000000000000100000000000000000000000000000000000000010010001000000000000000000000000001000
0000000000100100000000001000000011001100110110001111100000000001000000000000000100001001000000000000000000000000000000000000000000000000000000000000000000001
0000000000000101000010001000000011001100110110001111100000000001000000000000000100000000000000000000000000000000000000010010001000000000000000000000000001000
0000000000000000000010000000000011001100110110001110000000000001000000000000000100000000000000001100000000000000000000000000000000000000000000000000000000100
0000000000100001000010001000000011001100110110001111100000000001000000000000000100000000000000000000000000000000000000011111000000000000000000000000000000000
0000000000100101100000001000000011001100110110001111100000000001000000000000000100001101000000000000000000000000000000000000000000000000000000000000000000000
0000000000100001000010001000000011001100110110001111100000000001000000000000000100000000000000000000000000000000000000011100000000000000000000000000000000010
0000000000000000000010001000000011001100110110001110000000000001000000000000000100000000000000000000000000000000000000010100000000000000000000000000000000010
0000000000100101100010001000000011001100110110001111100000000001000000000000000100000000000000000000000000000000000000010100001000000000000000000000000000000
0000000000100001000010001000000011001100110110001111100000000001000000000000000100000000000000000000000000000000000000010000000000000000000000000000000001000
0000000000100001000010001000000011001100110110001111100000000001000000000000000100000000000000000000000000000000000000010010001000000000000000000000000000110
0000000000100001000010001000000011001100110110001111100000000001000000000000000100000000000000000000000000000000000000011111000000000000000000000000000000010
0000000000100101100000000000000011001100110110001111100000000001000000000000000100000000000000000000000000000000000000000000000000000000000000000000000000000
0000000000100101100010001000000011001100110110001111100000000001000000000000000100000000000000000000000000000000000000010000000000000000000000000000000001000
0000000000100100000010001000000011001100110110001111100000000001000000000000000100000000000000000000000000000000000000010000000000000000000000000000000000000
0000000000000000000010001000000011001100110110001110000000000001000000000000000100000000000000000000000000000000000000010000000000000000000000000000000001010
0000000000000000000000000000000011001100110110001110000000000001000000000000000100000000000000000000000000000000000000000000000000000000000000000000000000010
0000000000000101000010001000000011001100110110001111100000000001000000000000000100000000000000000000000000000000000000010000000000000000000000000000000001000
0000000000100001000010001000000011001100110110001111100000000001000000000000000100000000000000000000000000000000000000010110000000000000000000000000000000000
0000000000100001000010001000000011001100110110001111100000000001000000000000000100000000000000000000000000000000000000010000000000000000000000000000000000100
0000000000000101000010001000000011001100110110001111100000000001000000000000000100000000000000000000000000000000000000011111000000000000000000000000000000000
0000000000000000000010001000000011001100110110001110000000000001000000000000000100000000000000000000000000000000000000010000000000000000000000000000000001100
0000000000100001000000001000000011001100110110001111100000000001000000000000000100001001000000000000000000000000000000000000000000000000000000000000000000000
0000000000100001000000001000000011001100110110001111100000000001000000000000000100001101000000000000000000000000000000000000000000000000000000000000000001010
0000000000000101000010001000000011001100110110001111100000000001000000000000000100000000000000000000000000000000000000010000000000000000000000000000001000000
0000000000100001000010001000000011001100110110001111100000000001000000000000000100000000000000000000000000000000000000011100000000000000000000000000000000100
0000000000000000000010001000000011001100110110001110000000000001000000000000000100000000000000000000000000000000000000011100000000000000000000000000000000100
0000000000100101100010001000000011001100110110001111100000000001000000000000000100000000000000000000000000000000000000010110000000000000000000000000000000000
0000000000000100100000001000000011001100110110001111100000000001000000000000000100001101000000000000000000000000000000000000000000000000000000000000000000000
0000000000100001000010001000000011001100110110001111100000000001000000000000000100000000000000000000000000000000000000011111000000000000000000000000000000100
0000000000100101100000001000000011001100110110001111100000000001000000000000000100001001000000000000000000000000000000000000000000000000000000000000000000001
0000000000100001000000001000000011001100110110001111100000000001000000000000000100001001000000000000000000000000000000000000000000000000000000000000000000010
0000000000000100100000001000000011001100110110001111100000000001000000000000000100001101000000000000000000000000000000000000000000000000000000000000000000001
0000000000100101100010001000000011001100110110001111100000000001000000000000000100000000000000000000000000000000000000010100000000000000000000000000000000001
0000000000100101100000001000000011001100110110001111100000000001000000000000000100001101000000000000000000000000000000000000000000000000000000000000000000010
0000000000100100000010000000000011001100110110001111100000000001000000000000000100000000000000001100000000000000000000000000000000000000000000000000000000000
0000000000000000000010001000000011001100110110001110000000000001000000000000000100000000000000000000000000000000000000010110000000000000000000000000001000000
0000000000000000000010001000000011001100110110001110000000000001000000000000000100000000000000000000000000000000000000010110000000000000000000000000101000000
0000000000000000000010001000000000000100000000000000000000000000000000000000000000000000000000000000000000000000000000000100000000000000000000000000000000001
0000000000000000000000010000011011111111000001000000000010000000011100000000000000000000000100000000001000000000010000000000000000000000000000000000000000000
0000000000000000000000000000000011001100110110001110000000000001000000000000000100000000000000000000000000000000000000000000000000000000000000000000000000001
0000000001000001000000000000000000001110000100000001100000000000000000000000000000000000000000000000000000000000000000000000000000000001000000000000000000001
0000000001000000000000000000000000001110000000000001100000000000000000000000000000000000000000000000000000000000000000000000000000000001000000000000000000000
0000000001000001100000000000000100000000010100000001100000000000000000000000000001000000000000000000000000000000000000000000000000000000000000000000000000100
0000000001000001100000000000000100000000010100000001100000000000000000000000000001000000000000000000000000000000000000000000000000000000000000000000000001000
0000000000000000000010001000000011001100110110001110000000000001000100000000000100000000000000000000000000000000000000000110011010000000000000000000000000001
0000000000000000000000000000000000000000000000000000000000000000000000000000000000000000000000000000000000000000000000000000000000000000000000000000000000000
0000000000000000000011001000000000000000000000000000000000000000000000000000000000000000000000000000000000000000000000011100000000000000000000000000000000000
0000000000000000000011001000000000000000000000000000000000000000000000000000000000000000000000000000000000000000000000010000000000000000000000000000000000000
0000000000000000000011001000000000000000000000000000000000000000000000000000000000000000000000000000000000000000000000010010001000000000000000000000000000000
0000000000000000000011000001000000000000000000000000000000000000000000000000000000000000000000001100010000000000000000000000000000000000000000000000000000000
0000000000000000000010001001000000000000000000000000000000000000000000000000000000000000000000000000000000000000000000011100000000000000000000000000000000000
0000000000000000000010001001000000000000000000000000000000000000000000000000000000000000000000000000000000000000000000010000000000000000000000000000000000000
0000000000000000000010001001000000000000000000000000000000000000000000000000000000000000000000000000000000000000000000010010001000000000000000000000000000000
0000000000000000000000000000000101000001100000000000000000000000000000000000000001000000000000000000000000000000000000000000000000000000000000000000000000000
0000000000000000000000000000000101000001100000000000000000000000000000000000000001000000000000000000000000000000000000000000000000000000000000000000001000000
0000000000000100000000000000000000000000000000010001100000000000000000000000000001000000000000000000000000000000000000000000000000000001000000000000000000000
0000000000000100000000000000000000000000010100001001100000000000000000000000000001000000000000000000000000000000000000000000000000000001000000000000000000010
0000000000000100000000000000000000000000010100100001100000000000000000000000000001000000000000000000000000000000000000000000000000000001000000000000000000110
0000000000000000000000000000000100000001110100000000000000000000000000000000000001000000000000000000000000000000000000000000000000000000000000000000000000000
0000000001000001000000000000000000000000000100000001100000000000000000000000000000000000000000000000000000000000000000000000000000000000000000000000000000000
0000000000000000000010001000000000000100000000000000000000000000001000000000000000000000000000000000000000000000000000000100000000000000000000000000000000000
0000000000000000000010001000000000011101000000000000000010000000011100000000000000000000000000000000000000000000010000010111000000000000000000000000000000000
0000000000000000000010001000000000000100000000000000000000000000000100000000000000000000000000000000000000000000000000000100000000000000000000000000000000000
0000000000000000000010001000000000000100000000000000000000000000000100000000000000000000000000000000000000000000000000000100000000000000000000000000000000001
0000000000000000000010001000000000000000000000000000000000000000000000000000000000000000000000000000000000000000000000010100001000000000000000000000000000001
0000000000000000000010001000000000000000000000000000000000000000000000000000000000000000000000000000000000000000000000011101001000000000000000000000000000000
0000000000000000000010001000000000000000000000000000000000000000000000000000000000000000000000000000000000000000000000011100000000000000000000000000000000000
0000000000000000000010001000000000000000000000000000000000000000000000000000000000000000000000000000000000000000000000010000000000000000000000000000000000000
0000000000000000000010001000000000000000000000000000000000000000000000000000000000000000000000000000000000000000000000010010001000000000000000000000000000000
0000000000000000000010001000000011001100110110001110000000000001000000000000000100000000000000000000000000000000000000011100000000000000000000000000000000101
0000000000000000000000001000000011001100110110001110000000000001000000000000000100001100100000000000000000000000000000000000000000000000000000000000000000001
0000000000000000000000001000000011001100110110001110000000000001000000000000000100001101000000000000000000000000000000000000000000000000000000000000000000011
0000000000000000000010001000000011001100110110001110000000000001000000000000000100000000000000000000000000000000000000011011001000000000000000000000000000011
0000000000000000000010000000000011001100110110001110000000000001000000000000000100000000000000001111000000000000000000000000000000000000000000000000000000001
0000000000000000000010001000000011001100110110001110000000000001000000000000000100000000000000000000000000000000000000010000000000000000000000000000000000101
0000000000000000000010001000000011001100110110001110000000000001000000000000000100000000000000000000000000000000000000011100000000000000000000000000000000110
0000000000000000000010001000000011001100110110001110000000000001000000000000000100000000000000000000000000000000000000010010001000000000000000000000000000101
0000000000000000000010000000000011001100110110001110000000000001000000000000000100000000000000001101010000000000000000000000000000000000000000000000000000010
0000000000000000000010001000000011001100110110001110000000000001000000000000000100000000000000000000000000000000000000010000000000000000000000000000000000111
0000000000000101000010001000000011001100110110001111100000000001000000000000000100000000000000000000000000000000000000011111000000000000000000000000000001000
0000000000000101000000000000000011001100110110001111100000000001000000000000000100000000000000000000000000000000000000000000000000000000000000000000000000000
0000000000000101000010001000000011001100110110001111100000000001000000000000000100000000000000000000000000000000000000010110000000000000000000000000010000000
0000000000000000000010001000000011001100110110001110000000000001000000000000000100000000000000000000000000000000000000011111000000000000000000000000000000010
0000000000100001000010000000000011001100110110001111100000000001000000000000000100000000000000001111000000000000000000000000000000000000000000000000000000010
0000000000100001000010001000000011001100110110001111100000000001000000000000000100000000000000000000000000000000000000010000000000000000000000000000000000110
0000000000000101000000001000000011001100110110001111100000000001000000000000000100001001000000000000000000000000000000000000000000000000000000000000000001000
0000000000100101100010001000000011001100110110001111100000000001000000000000000100000000000000000000000000000000000000011111000000000000000000000000000000010
0000000000000101000010001000000011001100110110001111100000000001000000000000000100000000000000000000000000000000000000010010001000000000000000000000001000000
0000000000100101100010001000000011001100110110001111100000000001000000000000000100000000000000000000000000000000000000011011001000000000000000000000000000000
0000000000000101000010001000000011001100110110001111100000000001000000000000000100000000000000000000000000000000000000010100000000000000000000000000000000000
0000000000100101100010001000000011001100110110001111100000000001000000000000000100000000000000000000000000000000000000010110000000000000000000000000000000010
0000000000000000000010001000000011001100110110001110000000000001000000000000000100000000000000000000000000000000000000010010001000000000000000000000000001000
0000000000100001000000000000000011001100110110001111100000000001000000000000000100000000000000000000000000000000000000000000000000000000000000000000000000010
0000000000000101000010000000000011001100110110001111100000000001000000000000000100000000000000001100000000000000000000000000000000000000000000000000000001000
0000000000000101000000000000000011001100110110001111100000000001000000000000000100000000000000000000000000000000000000000000000000000000000000000000000001000
0000000000100001000010001000000011001100110110001111100000000001000000000000000100000000000000000000000000000000000000010110000000000000000000000000000000010
0000000000000100100000001000000011001100110110001111100000000001000000000000000100001001000000000000000000000000000000000000000000000000000000000000000000000
0000000000000100000000001000000000000000000000000001100000000000000000000000000001000000000000000000000000000000000000000000000000000001000000000000000000110
0000000000000000000000000000000100000001100000000000000000000000000000000000000001000000000000000000000000000000000000000000000000000000000000000000000000000
0000000000000000000000000000000100000001100000000000000000000000000000000000000001000000000000000000000000000000000000000000000000000000000000000000001000000
0000000000000000000010001000000000000100000000000000000000000000000000000000000000000000000000000000000000000000000000000100000000000000000000000000000000010
0000000001000001000000000000000000001110000100000001100000000000000000000000000000000000000000000000000000000000000000000000000000000001000000000000000000100
0000000001000000000000000000000000001110000000000001100000000000000000000000000000000000000000000000000000000000000000000000000000000001000000000000000000001
0000000000000000000000000000000000001110000000000000000000000000000000000000000000000000000000000000000000000000000000000000000000000001000000000000000000000
0000000001000001100000000000000100000000010100000001100000000000000000000000000001000000000000000000000000000000000000000000000000000000000000000000000001100
0000000001000000100000000000000100000000010000000001100000000000000000000000000001000000000000000000000000000000000000000000000000000000000000000000000000000
0000000000000001100000000000000100000000010100000001100000000000000000000000000001000000000000000000000000000000000000000000000000000000000000000000000000000
0000000000000000000000000000000011001100110110001110000000000001000010101011010100000000000000000000000000000000000000000000000000000000000000000000000000001
0000000000000000000010000000000011001100110110001110000000000001000100000000000100000000000000000010110000000000000000000000000000000000000000000000000000001
0000000000000000000010001000000011001100110110001110000000000001000100000000000000000000000000000000000000000000000000000110011010000000000000000000000000000
0000000000100100000000000000000000000000000000000001100000000000000000000000000000000000000000000000000000000000000000000000000000000000000000000000000000000
0000000000000100100000000000000000000000000000000001100000000000000000000000000000000000000000000000000000000000000000000000000000000000000000000000000000000
0000000000000000000000000000000000000000000000000000000000000000000000000000000000000000000000000000000000000000000000000000000000000000000000000000000001000
0000000000000000000010001000000000000000000000000000000000000000000000000000000000000000000000000000000000000000000000010100001000000000000000000000000000010
0000000000000000000011001000000000000000000000000000000000000000000000000000000000000000000000000000000000000000000000011100000000000000000000000000000000001
0000000000000000000001001000000000000000000000000000000000000000000000000000000000001101000000000000000000000000000000000000000000000000000000000000000000000
0000000000000000000011001000000000000000000000000000000000000000000000000000000000000000000000000000000000000000000000010110000000000000000000000000000000000
0000000000000000000011001001000000000000000000000000000000000000000000000000000000000000000000000000000000000000000000011100001000000000000000000000000000000
0000000000000000000010001001000000000000000000000000000000000000000000000000000000000000000000000000000000000000000000011100000000000000000000000000000000001
0000000000000000000000001001000000000000000000000000000000000000000000000000000000001101000000000000000000000000000000000000000000000000000000000000000000000
0000000000000000000010001001000000000000000000000000000000000000000000000000000000000000000000000000000000000000000000010110000000000000000000000000000000000
0000000000000000100000000000000101000001010000000001100000000000000000000000000001000000000000000000000000000000000000000000000000000000000000000000000000000
0000000000000000100000000000000100000001010100000001100000000000000000000000000001000000000000000000000000000000000000000000000000000000000000000000000000000
0000000000000100000000000000000000000000000000001001100000000000000000000000000001000000000000000000000000000000000000000000000000000001000000000000000000000
0000000001000000000000000000000000000000000000000001100000000000000000000000000000000000000000000000000000000000000000000000000000000000000000000000000000000
0000000001000001000000000000000000000000000100000001100000000000000000000000000000000000000000000000000000000000000000000000000000000000000000000000000000001
0000000000000000000010001000000000000100000000000000000000000000001000000000000000000000000000000000000000000000000000000100000000000000000000000000000000001
0000000000000000000010001000000000000100000000000000000000000000000100000000000000000000000000000000000000000000000000000100000000000000000000000000000000010
0000000000000000000010001000000000000000000000000000000000000000000000000000000000000000000000000000000000000000000000011100000000000000000000000000000000001
0000000000000000000010001000000000000000000000000000000000000000000000000000000000000000000000000000000000000000000000010000000000000000000000000000000000001
0000000000000000000010001000000000000000000000000000000000000000000000000000000000000000000000000000000000000000000000010010001000000000000000000000000000001
0000000000000000000010000000000000000000000000000000000000000000000000000000000000000000000000001101010000000000000000000000000000000000000000000000000000000
0000000000000000000010001000000000000000000000000000000000000000000000000000000000000000000000000000000000000000000000011011001000000000000000000000000000000
0000000000000000000010001000000000000000000000000000000000000000000000000000000000000000000000000000000000000000000000011100000000000000000000000000000000010
0000000000000000000000001000000000000000000000000000000000000000000000000000000000001101000000000000000000000000000000000000000000000000000000000000000000000
0000000000000000000010001000000000000000000000000000000000000000000000000000000000000000000000000000000000000000000000010110000000000000000000000000000000000
0000000000000100100000000000000000000000000000000001100000000000000000000000000000000000000000000000000000000000000000000000000000000000000000000000000000001
0000000000100001000000000000000000000000000000000001100000000000000000000000000000000000000000000000000000000000000000000000000000000000000000000000000000000
0000000000000000000010001000000011001100110110001110000000000001000000000000000100000000000000000000000000000000000000011011001000000000000000000000000000101
0000000000000000000010001000000011001100110110001110000000000001000000000000000100000000000000000000000000000000000000010110000000000000000000000000000000100
0000000000000000000010001000000011001100110110001110000000000001000000000000000100000000000000000000000000000000000000010010001000000000000000000000000000111
0000000000000000000010001000000011001100110110001110000000000001000000000000000100000000000000000000000000000000000000010110000000000000000000000000000000101
0000000000000000000010000000000011001100110110001110000000000001000000000000000100000000000000001100000000000000000000000000000000000000000000000000000000011
0000000000000000000010001000000011001100110110001110000000000001000000000000000100000000000000000000000000000000000000010100000000000000000000000000000000011
0000000000000000000010001000000011001100110110001110000000000001000000000000000100000000000000000000000000000000000000011111000000000000000000000000000000011
0000000000100101100010001000000011001100110110001111100000000001000000000000000100000000000000000000000000000000000000010000000000000000000000000000000001010
0000000000100101100000000000000011001100110110001111100000000001000000000000000100000000000000000000000000000000000000000000000000000000000000000000000000010
0000000000000101000010001000000011001100110110001111100000000001000000000000000100000000000000000000000000000000000000010110000000000000000000000000001000000
0000000000100001000000001000000011001100110110001111100000000001000000000000000100001101000000000000000000000000000000000000000000000000000000000000000000100
0000000000100001000000000000000011001100110110001111100000000001000000000000000100000000000000000000000000000000000000000000000000000000000000000000000001000
0000000000100100000000000000000011001100110110001111100000000001000000000000000100000000000000000000000000000000000000000000000000000000000000000000000000001
0000000000000000000001001000000000000000000000000000000000000000000000000000000000001101000000000000000000000000000000000000000000000000000000000000000000001
0000000000000000000000000000000000000000000000000000000000000000000000000000000000000000000000000000000000000000000000000000000000000000000000000000000000010
0000000000000000000010001000000000000100000000000000000000000000000000000000000000000000000000000000000000000000000000000100000000000000000000000000000000011
0000000000000000000000000000011011111111000001000000000010000000011100000000000000000000000100000000001000000000010000000000000000000000000000000000000000000
0000000001000000000000000000000000001110000000000001100000000000000000000000000000000000000000000000000000000000000000000000000000000001000000000000000000100
0000000001000000000000000000000000001110000000000001100000000000000000000000000000000000000000000000000000000000000000000000000000000001000000000000000001000
0000000000000000000000000000000000001110000000000000000000000000000000000000000000000000000000000000000000000000000000000000000000000001000000000000000000010
0000000001000000100000000000000100000000010000000001100000000000000000000000000001000000000000000000000000000000000000000000000000000000000000000000000000100
0000000001000001100000000000000100000000010100000001100000000000000000000000000001000000000000000000000000000000000000000000000000000000000000000000000100000
0000000000000000100000000000000100000000010100000001100000000000000000000000000001000000000000000000000000000000000000000000000000000000000000000000000000000
0000000000000000000000000000000011001100110110001110000000000001000010101011010000000000000000000000000000000000000000000000000000000000000000000000000000000
0000000000000000000010000000000011001100110110001110000000000001000100000000000000000000000000000010110000000000000000000000000000000000000000000000000000000
0000000000000000000010001000000000000100000000000000000000000000000100000000000000000000000000000000000000000000000000000100000000000000000000000000000000011
0000000000100100000000000000000000000000000000000001100000000000000000000000000000000000000000000000000000000000000000000000000000000000000000000000000000010
0000000000000000000000000000000000000000000000000000000000000000000000000000000000000000000000000000000000000000000000000000000000000000000000000000000000100
0000000000000000000000000000000000000000000000000000000000000000000000000000000000000000000000000000000000000000000000000000000000000000000000010000000000000
0000000000100001000000000000000000000000000000000001100000000000000000000000000000000000000000000000000000000000000000000000000000000000000000000000000000010
0000000000000101000000000000000000000000000000000001100000000000000000000000000000000000000000000000000000000000000000000000000000000000000000000000000000000
0000000000000000000000000000010000000000000000000000000001110100000000000000000000000000000000000000000000000000000000000000000000000000000000000000000000000
0000000000000000000010001000000000000000000000000000000000000000000000000000000000000000000000000000000000000000000000010100000000000000000000000000000000000
0000000000000000000010001000000000000000000000000000000000000000000000000000000000000000000000000000000000000000000000010000000000000000000000000000000000010
0000000000000000000010001000000000000000000000000000000000000000000000000000000000000000000000000000000000000000000000010010001000000000000000000000000000010
0000000000000000000011001000000000000000000000000000000000000000000000000000000000000000000000000000000000000000000000011100000000000000000000000000000000010
0000000000000000000011000000000000000000000000000000000000000000000000000000000000000000000000001100000000000000000000000000000000000000000000000000000000000
0000000000000000000001001001000000000000000000000000000000000000000000000000000000001100000000000000000000000000000000000000000000000000000000000000000000000
0000000000000000000011001001000000000000000000000000000000000000000000000000000000000000000000000000000000000000000000011010001000000000000000000000000000000
0000000000000000000011000001000000000000000000000000000000000000000000000000000000000000000000001110000000000000000000000000000000000000000000000000000000000
0000000000000000000000001001000000000000000000000000000000000000000000000000000000001101000000000000000000000000000000000000000000000000000000000000000000001
0000000000000100000000000000000000000000010100100001100000000000000000000000000001000000000000000000000000000000000000000000000000000000000000000000000000000
0000000001000000000000000000000000000000000000000001100000000000000000000000000000000000000000000000000000000000000000000000000000000000000000000000000000001
0000000000000000000010001000000000000000000000000000000000000000000000000000000000000000000000000000000000000000000000011100000000000000000000000000000000011
0000000000000000000010000000000000000000000000000000000000000000000000000000000000000000000000001100000000000000000000000000000000000000000000000000000000000
0000000000000000000010001000000000000000000000000000000000000000000000000000000000000000000000000000000000000000000000010110000000000000000000000000000000001
0000000000000000000000001000000000000000000000000000000000000000000000000000000000001100100000000000000000000000000000000000000000000000000000000000000000000
0000000000000000000010001000000000000000000000000000000000000000000000000000000000000000000000000000000000000000000000011011001000000000000000000000000000001
0000000000000000000010000000000000000000000000000000000000000000000000000000000000000000000000001111000000000000000000000000000000000000000000000000000000000
0000000000000000000000001000000000000000000000000000000000000000000000000000000000001101000000000000000000000000000000000000000000000000000000000000000000001
0000000000100100000000000000000000000000000000000001100000000000000000000000000000000000000000000000000000000000000000000000000000000000000000000000000000001
0000000000100101100000000000000000000000000000000001100000000000000000000000000000000000000000000000000000000000000000000000000000000000000000000000000000000
0000000000000000000010001000000000000000000000000000000000000000000000000000000000000000000000000000000000000000000000010000000000000000000000000000000000011
0000000000000000000000001000000000000000000000000000000000000000000000000000000000001001000000000000000000000000000000000000000000000000000000000000000000000
0000000000000000000010001000000000000000000000000000000000000000000000000000000000000000000000000000000000000000000000010110000000000000000000000000000000010
0000000000000000000011001001000000000000000000000000000000000000000000000000000000000000000000000000000000000000000000011110000000000000000000000000000000000
0000000000000100000000000000000000000000010100000001100000000000000000000000000001000000000000000000000000000000000000000000000000000000000000000000000000000
0000000000000100000000000000000000000000000000000001100000000000000000000000000001000000000000000000000000000000000000000000000000000001000000000000000000000
0000000000000000000000000000000101000000000000000000000000000000000000000000000000000000000000000000000000000000000000000000000000000000000000000000000000000
0000000000000100000000000000000000000000000000000001100000000000000000000000000001000000000000000000000000000000000000000000000000000001000000000000000000010
0000000000000000000000000000000100000001000000000000000000000000000000000000000001000000000000000000000000000000000000000000000000000000000000000000000000000
0000000000000000100000000000000100000000010000000001100000000000000000000000000001000000000000000000000000000000000000000000000000000000000000000000000000000
0000000000000000000000000000000100000000000100000000000000000000000000000000000001000000000000000000000000000000000000000000000000000000000000000000000000000
0000000000000000100000000000000100000000010100000001100000000000000000000000000001000000000000000000000000000000000000000000000000000000000000000000000000010
0000000000000000000000000000000000000000000000000000000000000000000000000000000000000000000000000000000000000000000000000000000000000000000000000000000000110
0000000001000000000000000000000000000000000000000001100000000000000000000000000000000000000000000000000000000000000000000000000000000000000000000000000000100
0000000001000000000000000000000000000000000000000001100000000000000000000000000000000000000000000000000000000000000000000000000000000000000000000000000001000
0000000000000000000000000000000000000000110110111000000000000000000010111011110000000000000000000000000000000000000000000000000000000000000000000000000000000
0000000000000000000010001000000000000100000000000000000000000000000000000000000000000000000000000000000000000000000000000100000000000000000000000000000000100
0000000000000000000000000000010000111101000000000000000010000000011100000000000000000000000000000000000000000000000000000000000000000000000000000000000000000
0000000000000000000010001000000000000100000000000000000000000000000100000000000000000000000000000000000000000000000000000100000000000000000000000000000000100
0000000000000000000000001000000000000000000000000000000000000000000000000000000000001101000000000000000000000000000000000000000000000000000000000000000000010
0000000000000000000010001000000000000000000000000000000000000000000000000000000000000000000000000000000000000000000000011111000000000000000000000000000000000
0000000000000000000000000000000000000000000000000000000000000000000000000000000000000000000000000000000000000000000000000000000000000000000000000000000001010
0000000000100001000000000000000000000000000000000001100000000000000000000000000000000000000000000000000000000000000000000000000000000000000000000000000000100
0000000000000101000000000000000000000000000000000001100000000000000000000000000000000000000000000000000000000000000000000000000000000000000000000000000001000
0000000000100101100000000000000000000000000000000001100000000000000000000000000000000000000000000000000000000000000000000000000000000000000000000000000000010
0000000000000000000000000000000000000000000000000000000001010100000000000000000000000000000000000000000000000000000000000000000000000000000000000000000000000
0000000000000000000000000000000000000000000000000000000001100100000000000000000000000000000000000000000000000000000000000000000000000000000000000000000000000
0000000000000000000000000000000011001100110110001110000000000001000000000000000000000000000000000000000000000000000000000000000000000000000000000000000000000
0000000000000000000000000000000011001100110110001110000000000001000000000000000100000000000000000000000000000000000000000000000000000000000000000000000000011
0000000000000000000010000000000000000000000000000000000000000000000000000000000000000000000000001000000000000000000000000000000000000000000000000000000000000
0000000000000000000000000000000000000000000000000000000000000000000000000000000000000000000000000000000000010000000000000000000000000000000000000000000000000
0000000000000000000010001000000000000000000000000000000000000000000000000000000000000001000000000000000000000000000000010000000000000000000000000000000000000
0000000000000000000000000000000000000000000000000000000000000000000000000000000000000000000000000000000000010000000000000010000000000000000000000000000000000
0000000000000000000010001000000000000000000000000000000000000000000000000000000000000000000000000000000000000000000000010010000000000000000000000000000000000
0000000000000000000000001000000000000000000000000000000000000000000000000000000000001001000000000000000000000000000000000100000000000000000000000000000000000
0000000000000000000010001000000000000000000000000000000000000000000000000000000000000000000000000000000000000000000000010010000000000000000000000000000000001
0000000000000000000010001000000000000000000000000000000000000000000000000000000000000000000000000000000000000000000000010010000000000000000000000000000000010
0000000000000000000000001000000000000000000000000000000000000000000000000000000000001011000000000000000000000000000000000000000000000000000000000000000000000
0000000000000000000000001000000000000000000000000000000000000000000000000000000000001011000000000000000000000000000000000000000000000000000000000000000000001
0000000000000000000000001000000000000000000000000000000000000000000000000000000000001011000000000000000000000000000000000000000000000000000000000000000000010
0000000000000000000000001000000000000000000000000000000000000000000000000000000000001011000000000000000000000000000000000000000000000000000000000000000000011
0000000000000000000011001000000000000000000000000000000000000000000000000000000000000000000000000000000000000000000000011010000000000000000000000000000000000
0000000000000000000001001000000000000000000000000000000000000000000000000000000000001101000000000000000000000000000000000100000000000000000000000000000000000
0000000000000000000011001000000000000000000000000000000000000000000000000000000000000000000000000000000000000000000000011010000000000000000000000000000000001
0000000000000000000011001000000000000000000000000000000000000000000000000000000000000000000000000000000000000000000000011010000000000000000000000000000000010
0000000000000000000011001000000000000000000000000000000000000000000000000000000000000000000000000000000000000000000000011010000000000000000000000000000000011
0000000000000000000001001001000000000000000000000000000000000000000000000000000000001111000000000000000000000000000000000000000000000000000000000000000000000
0000000000000000000001001001000000000000000000000000000000000000000000000000000000001111000000000000000000000000000000000000000000000000000000000000000000001
0000000000000000000001001001000000000000000000000000000000000000000000000000000000001111000000000000000000000000000000000000000000000000000000000000000000010
0000000000000000000001001001000000000000000000000000000000000000000000000000000000001111000000000000000000000000000000000000000000000000000000000000000000011
0000000000000000000000000000000000000000010100000000100000000000000000000000000001000000000000000000000000000000000000000000000000000000100000000000000000000
0000000000000100000010000000000000000000000100000001100000000000000000000000000001000000000000100000000000000000000000000000000000000000000000000000000000000
0000000000000100000010000000000000000000010000000001100000000000000000000000000001000000000000000000000100000000000000000000000000000000000000000000000000000
0000000000000000000000000000000000000000000000000000100000000000000000000000000001000000000000000000000000000000000000000000000000000001100000000000000000000
0000000000000100000000000000000000000000000000100001100000000000000000000000000001000000000000000000000000000000000000000000000000000000000000000000000000000
0000000000000000000000000000000001000000000000000000000000000000000000000000000000000000000000000000000000000000000000000000000000000000000000000000000000000
0000000000000000000000000000000101000000000000000000000000000000000000000000000000000000000000000000000000000000000000000001000000000000000000000000000000000
0000000000000000000000000000000000000000000000000000100000000000000000000000000001000000000000000000000000000000000000000000000000000001100000000000000000010
0000000000000100000000001000000000000000000000000001100000000000000000000000000001000000000000000000000000000000000000000100000000000001000000000000000000000
0000000000000000000000001000000000000000000000000000100000000000000000000000000001000000000000000000000000000000000000000000000000000001100000000000000000000
0000000000000000000000000000000100000001000000000000000000000000000000000000000001000000000000000000000000000000000000010000000000000000000000000000000000000
0000000000000000000000000000000100001110000000000000000000000000000000000000000000000000000000000000000000000000000000000000000000000001000000000000000000000
0000000000000000000000000000000100000001000000000001000000000000000000000000000001000000000000000000000000000000000000000000000000000000000000000000000010000
0000000000000000000000000000000100000001000000000001000000000000000000000000000001000000000000000000000000000000000000000000000000000000000000000000000010010
0000000000000000000000000000000100000001100000000000000000000000000000000000000001000000000000000000000000000000000000010000000000000000000000000000000000000
0000000000000000000000000000000100000001100000000000000000000000000000000000000001000000000000000000000000000000000000010000000000000000000000000000001000000
0000000000000001000000000000000100000000000100000000000000000000000000000000000001000000000000000000000000000000000000000000000000000000000000000000000000000
0000000000000000000000000000000000000000100000000001000000000000000000000000000000000000000000000000000000000000000000000000000000000000000000000000000010000
0000000000000000000000000000000000000000100000000001000000000000000000000000000000000000000000000000000000000000000000000000000000000000000000000000000010010
0000000000000000000000000000000000000000100000000001000000000000000000000000000000000000000000000000000000000000000000000000000000000000000000000000000010100
0000000000000000100000000000000000000000010000000001100000000000000000000000000000000000000000000000000000000000000000000000000000000000000000000000000000000
0000000000000100000000000000000000000000000000000000000000000000000000000000000000000000000000000000000000000000000000000000000000000000000000000000000000000
0000000000000000100000000000000000000000000000000000000000000000000000000000000000000000000000000000000000000000000000000000000000000000000000000000000000000
0000000000000100000000000000000000000000000000100001100000000000000000000000000000000000000000000000000000000000000000000000000000000000000000000000000000000
0000000000010000000000000000000000000000000000010001100000000000000000000000000000000000000000000000000000000000000000000000000000000000000000000000000000000
0000000000000000000000000000000000000000100000000001000000000000000000000000000000000000000000000000000000000000000000000000000000000000000000000000000010110
0000000000000000000000000000000000000000100000000001000000000000000000000000000000000000000000000000000000000000000000000000000000000000000000000000000011010
0000000000000000000000000000000000000000100000000001000000000000000000000000000000000000000000000000000000000000000000000000000000000000000000000000000011100
0000000000000000100000000000000000000000010000000001100000000000000000000000000000000000000000000000000000000000000000000000000000000000000000000000000000001
0000000000000001000000000000000000000000000100000001100000000000000000000000000000000000000000000000000000000000000000000000000000000000000000000000000000000
0000000000000100000000000000000000000000000000000000000000000000000000000000000000000000000000000000000000000000000000000000000000000000000000000000000000010
0000000000000000100000000000000000000000000000000000000000000000000000000000000000000000000000000000000000000000000000000000000000000000000000000000000000010
0000000000000100000000000000000000000000000000100001100000000000000000000000000000000000000000000000000000000000000000000000000000000000000000000000000000001
0000000000010000000000000000000000000000000000010001100000000000000000000000000000000000000000000000000000000000000000000000000000000000000000000000000000001
0000000000000000000000000000000000000000100000000001000000000000000000000000000000000000000000000000000000000000000000000000000000000000000000000000000110100
0000000001000000100000000000000000000000010000000001100000000000000000000000000000000000000000000000000000000000000000000000000000000000000000000000000000000
0000000001000001000000000000000000000000000100000001100000000000000000000000000000000000000000000000000000000000000000000000000000000000000000000000000000010
0000000001100000000000000000000000000000000000001001100000000000000000000000000000000000000000000000000000000000000000000000000000000000000000000000000000000
0000000000000000000000000000000000000000000000000000100000000000000000000000000000000000000000000000000000000000000000000000000000001000000000000000000000000
0000000000100000000000000000000000000000000000000000100000000000000000000000000000000000000000000000000000000000000000000000000000001000000000000000000000000
0000000000000100000000000000000000000000000000000000100000000000000000000000000000000000000000000000000000000000000000000000000000001000000000000000000000000
0000000000000000100000000000000000000000000000000000100000000000000000000000000000000000000000000000000000000000000000000000000000001000000000000000000000000
0000000001000100000000000000000000000000000000100001100000000000000000000000000000000000000000000000000000000000000000000000000000000000000000000000000000000
0000000001010000000000000000000000000000000000010001100000000000000000000000000000000000000000000000000000000000000000000000000000000000000000000000000000000
0000000000000000000000000000000000000000100000000001000000000000000000000000000000000000000000000000000000000000000000000000000000000000000000000000000111100
0000000001000000100000000000000000000000010000000001100000000000000000000000000000000000000000000000000000000000000000000000000000000000000000000000000000001
0000000001000001000000000000000000000000000100000001100000000000000000000000000000000000000000000000000000000000000000000000000000000000000000000000000000100
0000000001000010000000000000000000000000000010000001100000000000000000000000000000000000000000000000000000000000000000000000000000000000000000000000000000000
0000000001100000000000000000000000000000000000001001100000000000000000000000000000000000000000000000000000000000000000000000000000000000000000000000000000010
0000000001000001000000000000000000000000000100000001100000000000000000000000000000000000000000000000000000000000000000000000000000000000000000000000000001000
0000000000000000000000000000000000000000000000000000100000000000000000000000000000000000000000000000000000000000000000000000000000001000000000000000000000100
0000000000100000000000000000000000000000000000000000100000000000000000000000000000000000000000000000000000000000000000000000000000001000000000000000000000100
0000000000000100000000000000000000000000000000000000100000000000000000000000000000000000000000000000000000000000000000000000000000001000000000000000000000100
0000000000000000100000000000000000000000000000000000100000000000000000000000000000000000000000000000000000000000000000000000000000001000000000000000000000100
0000000001000100000000000000000000000000000000100001100000000000000000000000000000000000000000000000000000000000000000000000000000000000000000000000000000001
0000000001010000000000000000000000000000000000010001100000000000000000000000000000000000000000000000000000000000000000000000000000000000000000000000000000001
0000000000000000000010000000000001000100000000000000000000000000000000000000000000000000000000000000100000000000000000000000000000000000000000000000000000000
0000000000000000000010000000010000000100000000000000000000000000000000000000000000000000000000100000000000000000000000000000000000000000000000000000000000000
0000000000000000000010001000000000000101000000000000000000000000000000000000000000000000000000000000000000000000000000010100000000000000000000000000000000000
0000000000000000000010001000000000000101000000000000000000000000000000000000000000000000000000000000000000000000000000010100000000000000000000000000000000001
0000000000000000000010000000000001000100000000000000000000000000000000000000000000000000000000000000100000000000000000000000000000000000000000000000000000001
0000000000000000000010000000010000000100000000000000000000000000000000000000000000000000000000100000000000000000000000000000000000000000000000000000000000001
0000000000000000000010001000000000000101000000000000000000000000000000000000000000000000000000000000000000000000000000010100000000000000000000000000000000010
0000000000000000000010000000001000000100000000000000000000000000000000000000000000000000000000000000000100000000000000000000000000000000000000000000000000000
0000000000000000000010001000000000000101000000000000000000000000000000000000000000000000000000000000000000000000000000010100000000000000000000000000000000011
0000000000000000000010000000000000001100000000000000000000000000000000000000000000000000000000000010000000000000000000000000000000000000000000000000000000000
0000000000000000000010000000000001000100000000000000000000000000000000000000000000000000000000000000100000000000000000000000000000000000000000000000000000010
0000000000000000000010000000010000000100000000000000000000000000000000000000000000000000000000100000000000000000000000000000000000000000000000000000000000010
0000000000000000000010001000000000000101000000000000000000000000000000000000000000000000000000000000000000000000000000010100000000000000000000000000000000100
0000000000000000000010000000001000000100000000000000000000000000000000000000000000000000000000000000000100000000000000000000000000000000000000000000000000001
0000000000000000000010001000000000000101000000000000000000000000000000000000000000000000000000000000000000000000000000010100000000000000000000000000000000101
0000000000000000000010000000000000000100000000000000000000000000000000000000000000000000000000000000000000000000000000000010000000000000000000000000000000000
0000000000000000000010000000000000001100000000000000000000000000000000000000000000000000000000000010000000000000000000000000000000000000000000000000000000001
0000000000000000000010001000000010000100000000000000000000000000000000000000000000000000000000000000000000000000000000000100001000000000000000000000000000000
0000000000000000000010000000000001000100000000000000000000000000000000000000000000000000000000000000100000000000000000000000000000000000000000000000000000011
0000000000000000000010000000010000000100000000000000000000000000000000000000000000000000000000100000000000000000000000000000000000000000000000000000000000011
0000000000000000000010001000000000000101000000000000000000000000000000000000000000000000000000000000000000000000000000010100000000000000000000000000000000110
0000000000000000000010000000001000000100000000000000000000000000000000000000000000000000000000000000000100000000000000000000000000000000000000000000000000010
0000000000000000000010001000000000000101000000000000000000000000000000000000000000000000000000000000000000000000000000010100000000000000000000000000000000111
0000000000000000000010000000000000000100000000000000000000000000000000000000000000000000000000000000000000000000000000000010000000000000000000000000000000001
0000000000000000000000000000010000101101000000000000000000000000011100000000000000000000000000000000000000000000000000000000000000000000000000000000000000000
0000000000000000000000000000010000111100000000000000000010000000011000000000000000000000000000000000000000000000000000000000000000000000000000000000000000000
0000000000000000000000000000000000011101000000000000000010000000011100000000000000000000000000000000000000000000000000000000000000000000000000000000000000000
0000000000000000000000000000010000110101000000000000000010000000001100000000000000000000000000000000000000000000000000000000000000000000000000000000000000000
0000000000000000000000000000011011101111000001000000000000000000011100000000000000000000000100000000001000000000010000000000000000000000000000000000000000000
0000000000000000000000000000011011111101000001000000000010000000011100000000000000000000000100000000001000000000000000000000000000000000000000000000000000000
0000000000000000000000000000011011111110000001000000000010000000011000000000000000000000000100000000001000000000010000000000000000000000000000000000000000000
0000000000000000000000000000010011111111000001000000000010000000011100000000000000000000000000000000001000000000010000000000000000000000000000000000000000000
0000000000000000000000000000001011011111000001000000000010000000011100000000000000000000000100000000001000000000010000000000000000000000000000000000000000000
0000000000000000000000000000011001111111000000000000000010000000011100000000000000000000000100000000001000000000010000000000000000000000000000000000000000000
0000000000000000000000000000011010111111000001000000000010000000011100000000000000000000000100000000000000000000010000000000000000000000000000000000000000000
0000000000000000000000000000011011110111000001000000000010000000001100000000000000000000000100000000001000000000010000000000000000000000000000000000000000000
0000000000000000000000010000011011101111000001000000000000000000011100000000000000000000000100000000001000000000010000000000000000000000000000000000000000000
0000000000000000000000010000011011111101000001000000000010000000011100000000000000000000000100000000001000000000000000000000000000000000000000000000000000000
0000000000000000000000010000011011111110000001000000000010000000011000000000000000000000000100000000001000000000010000000000000000000000000000000000000000000
0000000000000000000000010000010011111111000001000000000010000000011100000000000000000000000000000000001000000000010000000000000000000000000000000000000000000
0000000000000000000000010000001011011111000001000000000010000000011100000000000000000000000100000000001000000000010000000000000000000000000000000000000000000
0000000000000000000000010000011001111111000000000000000010000000011100000000000000000000000100000000001000000000010000000000000000000000000000000000000000000
0000000000000000000000010000011010111111000001000000000010000000011100000000000000000000000100000000000000000000010000000000000000000000000000000000000000000
0000000000000000000000010000011011110111000001000000000010000000001100000000000000000000000100000000001000000000010000000000000000000000000000000000000000000
0000000000000000000010000000000000001100000000000000000000000000000000000000000000000000000000000010000000000000000000000000000000000000000000000000000000010
0000000000000000000010001000000010000100000000000000000000000000000000000000000000000000000000000000000000000000000000000100001000000000000000000000000000001
0000000000000000000010000000000001000100000000000000000000000000000000000000000000000000000000000000100000000000000000000000000000000000000000000000000000100
0000000000000000000010000000010000000100000000000000000000000000000000000000000000000000000000100000000000000000000000000000000000000000000000000000000000100
0000000000000000000010000000000000010100000000000000000000000000000000000000000000000000000000000001000000000000000000000000000000000000000000000000000000000
0000000000000000000010001000000000000101000000000000000000000000000000000000000000000000000000000000000000000000000000010100000000000000000000000000000001000
0000000000000000000010000000001000000100000000000000000000000000000000000000000000000000000000000000000100000000000000000000000000000000000000000000000000011
0000000000000000000010000000000000000110000000000000000000000000000000000000000000000000000000000100000000000000000000000000000000000000000000000000000000000
0000000000000000000010001000000000000101000000000000000000000000000000000000000000000000000000000000000000000000000000010100000000000000000000000000000001001
0000000000000000000010000000000000000100000000000000000000000000000000000000000000000000000000000000000000000000000000001000000000000000000000000000000000000
0000000000000000000010000000000000000100000000000000000000000000000000000000000000000000000000000000000000000000000000000010000000000000000000000000000000010
0000000000000000000010000000000000000100000000000000000000000000000000000000000000000000000000000000000000000000000000000001000000000000000000000000000000000
0000000000000000000010001000000000000000000000000000000000000000000000000000000000000000000000000000000000000000000000011010000000000000000000000000000000000
0000000000000000000000001000000000000000000000000000000000000000000000000000000000001101000000000000000000000000000000000100000000000000000000000000000000000
0000000000000000000010001000000000000000000000000000000000000000000000000000000000000000000000000000000000000000000000011010000000000000000000000000000000001
0000000000000000000010001000000000000000000000000000000000000000000000000000000000000000000000000000000000000000000000011010000000000000000000000000000000010
0000000000000000000010001000000000000000000000000000000000000000000000000000000000000000000000000000000000000000000000011010000000000000000000000000000000011
