010000000000000000011111011011111111
010000000000000000011111011111111111
010000000000000000011111111011111111
010000000000000000010111001010111101
010000000000000000010111001010111111
010000000000000000010111001011111101
010000000000000000010111001110111101
010000000000000000010111011010111101
010000000000000000011111011011111101
010000000000000000011111111111111111
010000000000000000010111011010111111
010000000000000000010111011110111101
010000000000000000011111011111111101
010000000000000000111111011011111111
010000000000000000111111111011111111
010000000000000001011111111011111111
010000000000000000011111111011111101
010000000000000000011111111111111101
010000000000000000010111011110111111
010000000000000000111111011011111101
010000000000000000111111011111111101
010000000000000001111111111011111111
010000000000000000010111001010111100
010000000000000000010111001010111110
010000000000000000010111001011111100
010000000000000000010111001110111100
010000000000000000111111011111111111
010000000000000000010111011111111101
010000000000000000010111011111111111
010000000000000000011111011110111101
010000000000000001011111011111111101
010000000000000001011111011111111111
010000000000000001111111011111111101
010000000000000001111111011111111111
010000000000000000010111001110111111
010000000000000000010111001111111101
010000000000000000011111011110111111
010000000000000010011111011111111101
010000000000000010011111011111111111
010000000000000000010111001110111110
010000000000000000010111001111111100
010000000000000000010111001111111111
010000000000000000110111011110111101
010000000000000000010111001011111111
010000000000000000010111011011111111
010000000000000000010111101110111111
010000000000000000010111111010111111
010000000000000000010111111110111111
010000000000000000010111000010111010
010000000000000000010111000010111011
010000000000000000010111000011111010
010000000000000000010111000110111010
010000000000000000010111001011111110
010000000000000000010111101010111111
010000000000000000010111001111111110
010000000000000000010111101011111111
010000000000000000010111111011111111
010000000000000000010111000010111000
010000000000000000010111000010111001
010000000000000000010111000011111000
010000000000000000010111000011111011
010000000000000000010111000110111000
010000000000000000010111101011111101
010000000000000000010111101111111101
010000000000000000010111101111111111
010000000000000000010111101011111100
010000000000000000010111101011111110
010000000000000000010111101111111100
010000000000000000011111001011111101
010000000000000000010111111111111111
010000000000000000110111011010111111
010000000000000000110111001010111111
010000000000000000110111001011111111
010000000000000000110111001110111111
010000000000000000110111011011111111
010000000000000010111111011111111111
010000000000000000110111011110111111
010000000000000010111111011111111101
010000000000000011011111011111111111
010000000000000000011111001110111101
010000000000000000011111001110111111
010000000000000000011111001111111101
010000000000000000110111011111111101
010000000000000011011111011111111101
010000000000000011111111011111111111
010000000000000000010111011110111100
010000000000000000010111011110111110
010000000000000000010111011111111100
010000000000000000011111001111111111
010000000000000000110111011111111111
010000000000000000111111111011111101
010000000000000000111111111111111101
010000000000000000111111111111111111
010000000000000000010111011010111100
010000000000000000010111011010111110
010000000000000000010111011011111100
010000000000000000010111011011111101
010000000000000000010111011111111110
010000000000000000010111111010111101
010000000000000000010111111110111101
010000000000000000011111011010111111
010000000000000000010111000011111001
010000000000000000010111000110111001
010000000000000000010111000110111011
010000000000000000010011000010111100
010000000000000000010011000010111101
010000000000000000010011000010111110
010000000000000000010011000011111100
010000000000000000010011000110111100
010000000000000000010111000011111100
010000000000000000010111000011111101
010000000000000000010111000011111110
010000000000000000010111000111111000
010000000000000000010111101111111110
010000000000000000011111001011111111
010000000000000000010111000010111110
010000000000000000010111000010111111
010000000000000000010111000011111111
010000000000000000010111000110111110
010000000000000000010111000111111010
010000000000000000010111011011111110
010000000000000000010111101010111110
010000000000000000010111101110111110
010000000000000000010111111011111110
010000000000000000110111001111111111
010000000000000000110111111010111111
010000000000000000010111000010111101
010000000000000000010111000110111101
010000000000000000010111000110111111
010000000000000000010111000111111001
010000000000000001011111111111111111
010000000000000010011111111011111111
010000000000000000010011000110101000
010000000000000000010011000110101001
010000000000000000010011000110101010
010000000000000000010011000110101100
010000000000000000010011000110111000
010000000000000000010011000111101000
010000000000000000010111000110111100
010000000000000000010111000111111011
010000000000000000011111001110111100
010000000000000000010011000110111001
010000000000000000010011000110111010
010000000000000000010011000110111101
010000000000000000010011000111111000
010000000000000000010111000111111100
010000000000000000010011000010111010
010000000000000000010011000010111011
010000000000000000010011000010111111
010000000000000000010011000011111010
010000000000000000010011000110111011
010000000000000000010011000010101010
010000000000000000010011000010101011
010000000000000000010011000010101110
010000000000000000010011000011101010
010000000000000000010011000011111011
010000000000000000010011000110101011
010000000000000000010011000010101100
010000000000000000010011000010101101
010000000000000000010011000010101111
010000000000000000010011000011101100
010000000000000000010011000011111101
010000000000000000010011000110101101
010000000000000000010011000011111000
010000000000000000010011000011111001
010000000000000000010011000011111110
010000000000000000010011000111111001
010000000000000000010111000111111101
010000000000000000010011000011111111
010000000000000000010011000110111110
010000000000000000010111000111111110
010000000000000000010111000111111111
010000000000000000010111001110111000
010000000000000000011111001110111110
010000000000000000010011000010111001
010000000000000000010011000110111111
010000000000000000010011000111111011
010000000000000000010111010010111001
010000000000000000011111101011111101
010000000000000000011111101011111111
010000000000000000011111101111111101
010000000000000000010011000111111100
010000000000000000010011000111111101
010000000000000000010011000111111110
010000000000000000010011000010111000
010000000000000000010011000111111010
010000000000000000010011000111111111
010000000000000000010111000010111100
010000000000000000010111001010111000
010000000000000000010111001010111001
010000000000000000010111001010111010
010000000000000000010111001011111000
010000000000000000010111001110111001
010000000000000000010001000110101000
010000000000000000010001000110101001
010000000000000000010001000110101010
010000000000000000010001000110101100
010000000000000000010001000111101000
010000000000000000010001000010101010
010000000000000000010001000010101011
010000000000000000010001000010101110
010000000000000000010001000011101010
010000000000000000010001000110101011
010000000000000000010001000010101100
010000000000000000010001000010101101
010000000000000000010001000010101111
010000000000000000010001000011101100
010000000000000000010001000110101101
010000000000000000010011000011101000
010000000000000000010011000011101001
010000000000000000010011000011101011
010000000000000000010011000011101101
010000000000000000010011000111101001
010000000000000000010011001011111000
010000000000000000010011000011101110
010000000000000000010011000011101111
010000000000000000010011000110101110
010000000000000000010011001010111010
010000000000000000010011000110101111
010000000000000000010011000111101010
010000000000000000010011001110111000
010000000000000000010011000010101001
010000000000000000010011000111101011
010000000000000000010011000111101101
010000000000000000010011010010111001
010000000000000000011111001011111100
010000000000000000011111001011111110
010000000000000000011111001111111100
010000000000000000011111101111111111
010000000000000000010011000111101100
010000000000000000010011000111101110
010000000000000000010011000111101111
010000000000000000010011001010111100
010000000000000000000000000000000100
010000000000000000000000000000000101
010000000000000000000000000000000110
010000000000000000000000000001000100
010000000000000000010011000010101000
010000000000000000010011001010101001
010000000000000000010011001010101010
010000000000000000010011001010101100
010000000000000000010011001010111000
010000000000000000010011001011101000
010000000000000000010011001110101000
010000000000000000010001000010101001
010000000000000000010001000010111011
010000000000000000010001000010111101
010000000000000000010001000011101001
010000000000000000010001000110101111
010000000000000000010111001011111001
010000000000000000010111001011111010
010000000000000000010111001111111000
010000000000000000011111001111111110
010000000000000000010001000010111100
010000000000000000010001000010111110
010000000000000000010001000010111111
010000000000000000010001000011101101
010000000000000000010001000110101110
010000000000000000000000000100000000
010000000000000000000000000100000001
010000000000000000000000000100000010
010000000000000000000000000100000100
010000000000000000000000000101000000
010000000000000000000000000000000010
010000000000000000000000000000000011
010000000000000000000000000000000111
010000000000000000000000000001000010
010000000000000000000000000001000000
010000000000000000000000000001000001
010000000000000000000000000001000011
010000000000000000000000000001000101
010000000000000000000000000000001010
010000000000000000000000000000001011
010000000000000000000000000000001110
010000000000000000000000000001000110
010000000000000000000000000100000011
010000000000000000000000000100000101
010000000000000000000000000101000001
010000000000000000000000000000000001
010000000000000000000000000000001101
010000000000000000000000000000001111
010000000000000000000000000001000111
010000000000000000000000000001001000
010000000000000000000000000001001001
010000000000000000000000000001001010
010000000000000000000000000001001100
010000000000000000010001000010101000
010000000000000000010001000010111001
010000000000000000010001000010111010
010000000000000000010001000011101000
010000000000000000010001000011101110
010000000000000000010001000110111000
010000000000000000000000000000001100
010000000000000000000000000000010101
010000000000000000000000000000010110
010000000000000000000000000001001101
